2018/05/11 13:37:19 INFO D:/go/gopath/src/skinstore/main.go:13 start server ...
2018/05/11 13:42:55 INFO D:/go/gopath/src/skinstore/main.go:13 start server ...
2018/05/11 17:18:09 INFO D:/go/gopath/src/skinstore/main.go:13 start server ...
2018/05/11 17:40:25 INFO D:/go/gopath/src/skinstore/main.go:14 start server ...
2018/05/11 17:40:39 ERROR D:/go/gopath/src/skinstore/web/router/Router.go:29 param:name is not be nil
2018/05/11 17:40:39 INFO D:/go/gopath/src/skinstore/web/server.go:18 name:%!s(<nil>)
2018/05/11 17:40:39 INFO D:/go/gopath/src/skinstore/web/server.go:19 age:%!s(<nil>)
2018/05/11 17:43:19 INFO D:/go/gopath/src/skinstore/main.go:14 start server ...
2018/05/11 17:43:23 ERROR D:/go/gopath/src/skinstore/web/router/Router.go:29 param:name is not be nil
2018/05/11 17:43:34 ERROR D:/go/gopath/src/skinstore/web/router/Router.go:29 param:name is not be nil
2018/05/11 17:46:49 INFO D:/go/gopath/src/skinstore/main.go:14 start server ...
2018/05/11 17:50:27 ERROR D:/go/gopath/src/skinstore/web/router/Router.go:29 param:name is not be nil
2018/05/11 17:50:33 ERROR D:/go/gopath/src/skinstore/web/router/Router.go:29 param:name is not be nil
2018/05/11 17:51:02 INFO D:/go/gopath/src/skinstore/main.go:14 start server ...
2018/05/11 17:52:41 ERROR D:/go/gopath/src/skinstore/web/router/Router.go:29 param:name is not be nil
2018/05/11 17:56:00 INFO D:/go/gopath/src/skinstore/main.go:14 start server ...
2018/05/11 17:56:06 INFO D:/go/gopath/src/skinstore/web/server.go:19 name:cloud
2018/05/11 17:56:06 INFO D:/go/gopath/src/skinstore/web/server.go:20 age:%!s(<nil>)
2018/05/11 17:56:15 INFO D:/go/gopath/src/skinstore/web/server.go:19 name:cloud
2018/05/11 17:56:15 INFO D:/go/gopath/src/skinstore/web/server.go:20 age:23
2018/05/11 18:09:48 INFO D:/go/gopath/src/skinstore/main.go:14 start server ...
2018/05/11 18:09:56 INFO D:/go/gopath/src/skinstore/web/server.go:19 name:cloud
2018/05/11 18:09:56 INFO D:/go/gopath/src/skinstore/web/server.go:20 age:23
2018/05/11 18:10:05 ERROR D:/go/gopath/src/skinstore/web/router/Router.go:30 param:name is not be nil
2018/05/11 18:10:25 INFO D:/go/gopath/src/skinstore/main.go:14 start server ...
2018/05/11 18:11:22 ERROR D:/go/gopath/src/skinstore/web/router/Router.go:30 param:name is not be nil
2018/05/11 18:12:28 ERROR D:/go/gopath/src/skinstore/web/router/Router.go:30 param:name is not be nil
2018/05/11 18:12:47 INFO D:/go/gopath/src/skinstore/main.go:14 start server ...
2018/05/11 18:13:18 INFO D:/go/gopath/src/skinstore/web/server.go:25 name:cloud
2018/05/11 18:13:18 INFO D:/go/gopath/src/skinstore/web/server.go:26 age:%!s(float64=23)
2018/05/11 18:13:31 INFO D:/go/gopath/src/skinstore/web/server.go:25 name:cloud
2018/05/11 18:13:31 INFO D:/go/gopath/src/skinstore/web/server.go:26 age:%!s(float64=23)
2018/05/11 18:13:44 INFO D:/go/gopath/src/skinstore/web/server.go:25 name:cloud
2018/05/11 18:13:44 INFO D:/go/gopath/src/skinstore/web/server.go:26 age:%!s(float64=23)
2018/05/11 18:27:34 INFO D:/go/gopath/src/skinstore/main.go:14 start server ...
2018/05/11 18:27:38 INFO D:/go/gopath/src/skinstore/web/server.go:27 name:cloud
2018/05/11 18:27:38 INFO D:/go/gopath/src/skinstore/web/server.go:28 age:%!s(float64=23)
2018/05/11 20:10:03 INFO D:/go/gopath/src/skinstore/main.go:14 start server ...
2018/05/12 11:33:32 INFO D:/go/gopath/src/skinstore/main.go:14 start server ...
2018/05/12 11:51:37 INFO D:/go/gopath/src/skinstore/main.go:14 start server ...
2018/05/12 11:57:01 INFO D:/go/gopath/src/skinstore/main.go:14 start server ...
2018/05/12 12:10:42 INFO D:/go/gopath/src/skinstore/main.go:14 start server ...
2018/05/12 12:28:12 INFO D:/go/gopath/src/skinstore/main.go:14 start server ...
2018/05/12 14:51:03 INFO D:/go/gopath/src/skinstore/main.go:14 start server ...
2018/05/12 14:52:03 INFO D:/go/gopath/src/skinstore/main.go:14 start server ...
2018/05/12 15:09:59 INFO D:/go/gopath/src/skinstore/main.go:14 start server ...
2018/05/12 15:19:58 INFO D:/go/gopath/src/skinstore/main.go:14 start server ...
2018/05/12 15:33:10 INFO D:/go/gopath/src/skinstore/main.go:14 start server ...
2018/05/12 15:58:16 INFO D:/go/gopath/src/skinstore/main.go:14 start server ...
2018/05/12 16:05:25 INFO D:/go/gopath/src/skinstore/main.go:14 start server ...
2018/05/12 16:07:41 INFO D:/go/gopath/src/skinstore/main.go:14 start server ...
2018/05/12 16:18:33 INFO D:/go/gopath/src/skinstore/main.go:14 start server ...
2018/05/12 16:53:33 INFO D:/go/gopath/src/skinstore/main.go:12 start server ...
2018/05/12 17:13:55 INFO D:/go/gopath/src/skinstore/main.go:12 start server ...
2018/05/12 17:18:08 INFO D:/go/gopath/src/skinstore/main.go:12 start server ...
2018/05/13 13:06:15 INFO D:/go/gopath/src/skinstore/main.go:12 start server ...
2018/05/13 13:36:27 INFO D:/go/gopath/src/skinstore/main.go:12 start server ...
2018/05/13 13:37:49 INFO D:/go/gopath/src/skinstore/main.go:12 start server ...
2018/06/28 12:26:46 INFO E:/go/src/skinstore/main.go:12 start server ...
2018/06/28 14:27:04 INFO E:/go/src/skinstore/main.go:16 start server ...
2018/06/28 14:31:08 INFO E:/go/src/skinstore/main.go:16 start server ...
2018/06/28 14:32:54 INFO E:/go/src/skinstore/main.go:16 start server ...
2018/06/28 14:34:09 INFO E:/go/src/skinstore/main.go:16 start server ...
2018/07/03 10:03:32 INFO E:/go/src/skinstore/main.go:28 start server ...
2018/09/01 17:02:29 INFO E:/go/src/skinstore/main.go:29 start server ...
2018/09/01 17:08:16 INFO E:/go/src/skinstore/main.go:29 start server ...
2018/09/01 17:10:29 INFO E:/go/src/skinstore/main.go:29 start server ...
2018/09/01 17:12:17 INFO E:/go/src/skinstore/main.go:29 start server ...
2018/09/01 17:13:19 INFO E:/go/src/skinstore/Handler/PorjectHandler.go:63 {
	"name":"one",
	"description":"this a good product",
	"type":"skin",
	"imgurl":"http://www.img.com",
	"originalPrice":300,
	"curPrice":"200,
	"status":1
}
2018/09/01 17:15:09 INFO E:/go/src/skinstore/Handler/PorjectHandler.go:63 {
	"name":"one",
	"description":"this a good product",
	"type":"skin",
	"imgurl":"http://www.img.com",
	"originalPrice":300,
	"curPrice":"200,
	"status":1
}
2018/09/01 17:16:24 INFO E:/go/src/skinstore/Handler/PorjectHandler.go:63 {	"name":"one",
	"description":"this a good product",
	"type":"skin",
	"imgurl":"http://www.img.com",
	"originalPrice":300,
	"curPrice":"200,
	"status":1
}
2018/09/01 17:16:43 INFO E:/go/src/skinstore/Handler/PorjectHandler.go:63 {	"name":"one","description":"this a good product","type":"skin","imgurl":"http://www.img.com","originalPrice":300,"curPrice":"200,"status":1}
2018/09/01 17:16:56 INFO E:/go/src/skinstore/Handler/PorjectHandler.go:63 {"name":"one","description":"this a good product","type":"skin","imgurl":"http://www.img.com","originalPrice":300,"curPrice":"200,"status":1}
2018/09/01 17:17:19 INFO E:/go/src/skinstore/Handler/PorjectHandler.go:63 {"name":"one","description":"this a good product","type":"skin","imgurl":"http://www.img.com","originalPrice":300,"curPrice":200,"status":1}
2018/09/01 17:17:45 INFO E:/go/src/skinstore/Handler/PorjectHandler.go:63 {
	"name":"two",
	"description":"this a good product",
	"type":"skin","imgurl":"http://www.img.com",
	"originalPrice":300,
	"curPrice":200,
	"status":1
	
}
2018/09/01 17:17:58 ERROR E:/go/src/skinstore/Handler/PorjectHandler.go:23 strconv.Atoi: parsing "": invalid syntax
2018/09/01 17:17:58 ERROR E:/go/src/skinstore/Handler/PorjectHandler.go:29 strconv.Atoi: parsing "": invalid syntax
2018/09/01 17:18:22 ERROR E:/go/src/skinstore/Handler/PorjectHandler.go:23 strconv.Atoi: parsing "": invalid syntax
2018/09/01 17:18:22 ERROR E:/go/src/skinstore/Handler/PorjectHandler.go:29 strconv.Atoi: parsing "": invalid syntax
2018/09/01 17:18:51 ERROR E:/go/src/skinstore/Handler/PorjectHandler.go:23 strconv.Atoi: parsing "": invalid syntax
2018/09/01 17:18:51 ERROR E:/go/src/skinstore/Handler/PorjectHandler.go:29 strconv.Atoi: parsing "": invalid syntax
2018/09/01 17:19:23 ERROR E:/go/src/skinstore/Handler/PorjectHandler.go:23 strconv.Atoi: parsing "": invalid syntax
2018/09/01 17:19:23 ERROR E:/go/src/skinstore/Handler/PorjectHandler.go:29 strconv.Atoi: parsing "": invalid syntax
2018/09/01 17:30:47 INFO E:/go/src/skinstore/main.go:29 start server ...
2018/09/01 17:31:02 INFO E:/go/src/skinstore/Handler/PorjectHandler.go:63 {
	"name":"two",
	"description":"this a good product",
	"type":"skin","imgurl":"http://www.img.com",
	"originalPrice":300,
	"curPrice":200,
	"status":1
	
}
2018/09/01 17:56:30 INFO E:/go/src/skinstore/main.go:29 start server ...
