2018/09/11 09:03:19 ERROR E:/go/src/skinstore/web/router/Router.go:37 param:pos is not be nil
2018/09/11 09:07:34 ERROR E:/go/src/skinstore/web/router/Router.go:37 param:pos is not be nil
2018/09/11 09:07:48 ERROR E:/go/src/skinstore/web/router/Router.go:37 param:pos is not be nil
2018/09/11 09:25:34 INFO E:/go/src/skinstore/web/router/Router.go:60 http method:get mappering for /test/go
2018/09/11 09:25:34 INFO E:/go/src/skinstore/web/router/Router.go:60 http method:post mappering for /test/go
2018/09/11 09:25:34 INFO E:/go/src/skinstore/web/router/Router.go:60 http method:get mappering for /api/project/list
2018/09/11 09:25:34 INFO E:/go/src/skinstore/web/router/Router.go:60 http method:get mappering for /api/project/list/type
2018/09/11 09:25:34 INFO E:/go/src/skinstore/web/router/Router.go:60 http method:post mappering for /api/project/add
2018/09/11 09:25:34 INFO E:/go/src/skinstore/web/router/Router.go:60 http method:post mappering for /api/reser/add
2018/09/11 09:25:34 INFO E:/go/src/skinstore/web/router/Router.go:60 http method:get mappering for /api/reser/list
2018/09/11 09:25:34 INFO E:/go/src/skinstore/web/router/Router.go:60 http method:get mappering for /api/reser/list/today
2018/09/11 09:25:34 INFO E:/go/src/skinstore/web/router/Router.go:60 http method:post mappering for /api/reser/status/update
2018/09/11 09:25:34 INFO E:/go/src/skinstore/web/router/Router.go:60 http method:post mappering for /api/upload
2018/09/11 09:25:34 INFO E:/go/src/skinstore/web/router/Router.go:60 http method:post mappering for /api/lot/add
2018/09/11 09:25:34 INFO E:/go/src/skinstore/web/router/Router.go:60 http method:post mappering for /api/lot/update
2018/09/11 09:25:34 INFO E:/go/src/skinstore/web/router/Router.go:60 http method:get mappering for /api/wx/msg
2018/09/11 09:25:34 INFO E:/go/src/skinstore/web/router/Router.go:60 http method:post mappering for /api/wx/msg
2018/09/11 09:25:34 INFO E:/go/src/skinstore/web/router/Router.go:60 http method:get mappering for /api/wx/oauth
2018/09/11 09:25:34 INFO E:/go/src/skinstore/web/router/Router.go:60 http method:get mappering for /api/wx/sign
2018/09/11 09:25:34 INFO E:/go/src/skinstore/web/router/Router.go:60 http method:get mappering for /api/upload
2018/09/11 09:25:34 INFO E:/go/src/skinstore/web/router/Router.go:60 http method:get mappering for /api/lot
2018/09/11 09:25:34 INFO E:/go/src/skinstore/main.go:28 start server listen on::8082
2018/09/11 09:26:54 ERROR E:/go/src/skinstore/web/router/Router.go:37 param:pos is not be nil
2018/09/11 09:31:48 INFO E:/go/src/skinstore/web/router/Router.go:60 http method:get mappering for /test/go
2018/09/11 09:31:48 INFO E:/go/src/skinstore/web/router/Router.go:60 http method:post mappering for /test/go
2018/09/11 09:31:48 INFO E:/go/src/skinstore/web/router/Router.go:60 http method:get mappering for /api/project/list
2018/09/11 09:31:48 INFO E:/go/src/skinstore/web/router/Router.go:60 http method:get mappering for /api/project/list/type
2018/09/11 09:31:48 INFO E:/go/src/skinstore/web/router/Router.go:60 http method:post mappering for /api/project/add
2018/09/11 09:31:48 INFO E:/go/src/skinstore/web/router/Router.go:60 http method:post mappering for /api/reser/add
2018/09/11 09:31:48 INFO E:/go/src/skinstore/web/router/Router.go:60 http method:get mappering for /api/reser/list
2018/09/11 09:31:48 INFO E:/go/src/skinstore/web/router/Router.go:60 http method:get mappering for /api/reser/list/today
2018/09/11 09:31:48 INFO E:/go/src/skinstore/web/router/Router.go:60 http method:post mappering for /api/reser/status/update
2018/09/11 09:31:48 INFO E:/go/src/skinstore/web/router/Router.go:60 http method:post mappering for /api/upload
2018/09/11 09:31:48 INFO E:/go/src/skinstore/web/router/Router.go:60 http method:post mappering for /api/lot/add
2018/09/11 09:31:48 INFO E:/go/src/skinstore/web/router/Router.go:60 http method:post mappering for /api/lot/update
2018/09/11 09:31:48 INFO E:/go/src/skinstore/web/router/Router.go:60 http method:get mappering for /api/wx/msg
2018/09/11 09:31:48 INFO E:/go/src/skinstore/web/router/Router.go:60 http method:post mappering for /api/wx/msg
2018/09/11 09:31:48 INFO E:/go/src/skinstore/web/router/Router.go:60 http method:get mappering for /api/wx/oauth
2018/09/11 09:31:48 INFO E:/go/src/skinstore/web/router/Router.go:60 http method:get mappering for /api/wx/sign
2018/09/11 09:31:48 INFO E:/go/src/skinstore/web/router/Router.go:60 http method:get mappering for /api/upload
2018/09/11 09:31:48 INFO E:/go/src/skinstore/web/router/Router.go:60 http method:get mappering for /api/lot
2018/09/11 09:31:48 INFO E:/go/src/skinstore/main.go:28 start server listen on::8082
2018/09/11 10:19:48 INFO E:/go/src/skinstore/web/router/Router.go:60 http method:get mappering for /test/go
2018/09/11 10:19:48 INFO E:/go/src/skinstore/web/router/Router.go:60 http method:post mappering for /test/go
2018/09/11 10:19:48 INFO E:/go/src/skinstore/web/router/Router.go:60 http method:get mappering for /api/project/list
2018/09/11 10:19:48 INFO E:/go/src/skinstore/web/router/Router.go:60 http method:get mappering for /api/project/list/type
2018/09/11 10:19:48 INFO E:/go/src/skinstore/web/router/Router.go:60 http method:post mappering for /api/project/add
2018/09/11 10:19:48 INFO E:/go/src/skinstore/web/router/Router.go:60 http method:post mappering for /api/reser/add
2018/09/11 10:19:48 INFO E:/go/src/skinstore/web/router/Router.go:60 http method:get mappering for /api/reser/list
2018/09/11 10:19:48 INFO E:/go/src/skinstore/web/router/Router.go:60 http method:get mappering for /api/reser/list/today
2018/09/11 10:19:48 INFO E:/go/src/skinstore/web/router/Router.go:60 http method:post mappering for /api/reser/status/update
2018/09/11 10:19:48 INFO E:/go/src/skinstore/web/router/Router.go:60 http method:post mappering for /api/upload
2018/09/11 10:19:48 INFO E:/go/src/skinstore/web/router/Router.go:60 http method:post mappering for /api/lot/update
2018/09/11 10:19:48 INFO E:/go/src/skinstore/web/router/Router.go:60 http method:get mappering for /api/wx/msg
2018/09/11 10:19:48 INFO E:/go/src/skinstore/web/router/Router.go:60 http method:post mappering for /api/wx/msg
2018/09/11 10:19:48 INFO E:/go/src/skinstore/web/router/Router.go:60 http method:get mappering for /api/wx/oauth
2018/09/11 10:19:48 INFO E:/go/src/skinstore/web/router/Router.go:60 http method:get mappering for /api/wx/sign
2018/09/11 10:19:48 INFO E:/go/src/skinstore/web/router/Router.go:60 http method:get mappering for /api/upload
2018/09/11 10:19:48 INFO E:/go/src/skinstore/web/router/Router.go:60 http method:get mappering for /api/lot
2018/09/11 10:19:48 INFO E:/go/src/skinstore/main.go:28 start server listen on::8082
